<?xml version="1.0" encoding="UTF-8"?>
<!-- Generated by org.testng.reporters.JUnitReportReporter -->
<testsuite hostname="WINDOWS-2M6DHJ3" failures="0" tests="1" name="selenium.project.ValidateLogin" time="6.483" errors="0" timestamp="2020-04-07T20:05:37 IST" skipped="0">
  <testcase classname="selenium.project.ValidateLogin" name="loginfunctionality" time="6.483"/>
</testsuite> <!-- selenium.project.ValidateLogin -->
